nohup: 忽略输入
2020-03-17 15:10:08.980396: I tensorflow/core/platform/cpu_feature_guard.cc:142] Your CPU supports instructions that this TensorFlow binary was not compiled to use: AVX2 FMA
2020-03-17 15:10:09.003647: I tensorflow/core/platform/profile_utils/cpu_utils.cc:94] CPU Frequency: 2899885000 Hz
2020-03-17 15:10:09.004186: I tensorflow/compiler/xla/service/service.cc:168] XLA service 0x560af183afc0 executing computations on platform Host. Devices:
2020-03-17 15:10:09.004228: I tensorflow/compiler/xla/service/service.cc:175]   StreamExecutor device (0): Host, Default Version
2020-03-17 15:10:09.007653: I tensorflow/stream_executor/platform/default/dso_loader.cc:44] Successfully opened dynamic library libcuda.so.1
2020-03-17 15:10:09.545360: I tensorflow/stream_executor/cuda/cuda_gpu_executor.cc:1006] successful NUMA node read from SysFS had negative value (-1), but there must be at least one NUMA node, so returning NUMA node zero
2020-03-17 15:10:09.545775: I tensorflow/compiler/xla/service/service.cc:168] XLA service 0x560af18bbd60 executing computations on platform CUDA. Devices:
2020-03-17 15:10:09.545793: I tensorflow/compiler/xla/service/service.cc:175]   StreamExecutor device (0): GeForce RTX 2070, Compute Capability 7.5
2020-03-17 15:10:09.545918: I tensorflow/stream_executor/cuda/cuda_gpu_executor.cc:1006] successful NUMA node read from SysFS had negative value (-1), but there must be at least one NUMA node, so returning NUMA node zero
2020-03-17 15:10:09.546230: I tensorflow/core/common_runtime/gpu/gpu_device.cc:1618] Found device 0 with properties: 
name: GeForce RTX 2070 major: 7 minor: 5 memoryClockRate(GHz): 1.62
pciBusID: 0000:01:00.0
2020-03-17 15:10:09.546383: I tensorflow/stream_executor/platform/default/dso_loader.cc:44] Successfully opened dynamic library libcudart.so.10.0
2020-03-17 15:10:09.547248: I tensorflow/stream_executor/platform/default/dso_loader.cc:44] Successfully opened dynamic library libcublas.so.10.0
2020-03-17 15:10:09.548002: I tensorflow/stream_executor/platform/default/dso_loader.cc:44] Successfully opened dynamic library libcufft.so.10.0
2020-03-17 15:10:09.548172: I tensorflow/stream_executor/platform/default/dso_loader.cc:44] Successfully opened dynamic library libcurand.so.10.0
2020-03-17 15:10:09.549171: I tensorflow/stream_executor/platform/default/dso_loader.cc:44] Successfully opened dynamic library libcusolver.so.10.0
2020-03-17 15:10:09.549936: I tensorflow/stream_executor/platform/default/dso_loader.cc:44] Successfully opened dynamic library libcusparse.so.10.0
2020-03-17 15:10:09.552320: I tensorflow/stream_executor/platform/default/dso_loader.cc:44] Successfully opened dynamic library libcudnn.so.7
2020-03-17 15:10:09.552409: I tensorflow/stream_executor/cuda/cuda_gpu_executor.cc:1006] successful NUMA node read from SysFS had negative value (-1), but there must be at least one NUMA node, so returning NUMA node zero
2020-03-17 15:10:09.552774: I tensorflow/stream_executor/cuda/cuda_gpu_executor.cc:1006] successful NUMA node read from SysFS had negative value (-1), but there must be at least one NUMA node, so returning NUMA node zero
2020-03-17 15:10:09.553074: I tensorflow/core/common_runtime/gpu/gpu_device.cc:1746] Adding visible gpu devices: 0
2020-03-17 15:10:09.553106: I tensorflow/stream_executor/platform/default/dso_loader.cc:44] Successfully opened dynamic library libcudart.so.10.0
2020-03-17 15:10:09.553861: I tensorflow/core/common_runtime/gpu/gpu_device.cc:1159] Device interconnect StreamExecutor with strength 1 edge matrix:
2020-03-17 15:10:09.553872: I tensorflow/core/common_runtime/gpu/gpu_device.cc:1165]      0 
2020-03-17 15:10:09.553877: I tensorflow/core/common_runtime/gpu/gpu_device.cc:1178] 0:   N 
2020-03-17 15:10:09.553954: I tensorflow/stream_executor/cuda/cuda_gpu_executor.cc:1006] successful NUMA node read from SysFS had negative value (-1), but there must be at least one NUMA node, so returning NUMA node zero
2020-03-17 15:10:09.554292: I tensorflow/stream_executor/cuda/cuda_gpu_executor.cc:1006] successful NUMA node read from SysFS had negative value (-1), but there must be at least one NUMA node, so returning NUMA node zero
2020-03-17 15:10:09.554617: I tensorflow/core/common_runtime/gpu/gpu_device.cc:1304] Created TensorFlow device (/job:localhost/replica:0/task:0/device:GPU:0 with 7481 MB memory) -> physical GPU (device: 0, name: GeForce RTX 2070, pci bus id: 0000:01:00.0, compute capability: 7.5)
2020-03-17 15:10:12.798853: I tensorflow/stream_executor/cuda/cuda_gpu_executor.cc:1006] successful NUMA node read from SysFS had negative value (-1), but there must be at least one NUMA node, so returning NUMA node zero
2020-03-17 15:10:12.799268: I tensorflow/core/common_runtime/gpu/gpu_device.cc:1618] Found device 0 with properties: 
name: GeForce RTX 2070 major: 7 minor: 5 memoryClockRate(GHz): 1.62
pciBusID: 0000:01:00.0
2020-03-17 15:10:12.799307: I tensorflow/stream_executor/platform/default/dso_loader.cc:44] Successfully opened dynamic library libcudart.so.10.0
2020-03-17 15:10:12.799319: I tensorflow/stream_executor/platform/default/dso_loader.cc:44] Successfully opened dynamic library libcublas.so.10.0
2020-03-17 15:10:12.799330: I tensorflow/stream_executor/platform/default/dso_loader.cc:44] Successfully opened dynamic library libcufft.so.10.0
2020-03-17 15:10:12.799341: I tensorflow/stream_executor/platform/default/dso_loader.cc:44] Successfully opened dynamic library libcurand.so.10.0
2020-03-17 15:10:12.799352: I tensorflow/stream_executor/platform/default/dso_loader.cc:44] Successfully opened dynamic library libcusolver.so.10.0
2020-03-17 15:10:12.799363: I tensorflow/stream_executor/platform/default/dso_loader.cc:44] Successfully opened dynamic library libcusparse.so.10.0
2020-03-17 15:10:12.799374: I tensorflow/stream_executor/platform/default/dso_loader.cc:44] Successfully opened dynamic library libcudnn.so.7
2020-03-17 15:10:12.799416: I tensorflow/stream_executor/cuda/cuda_gpu_executor.cc:1006] successful NUMA node read from SysFS had negative value (-1), but there must be at least one NUMA node, so returning NUMA node zero
2020-03-17 15:10:12.799738: I tensorflow/stream_executor/cuda/cuda_gpu_executor.cc:1006] successful NUMA node read from SysFS had negative value (-1), but there must be at least one NUMA node, so returning NUMA node zero
2020-03-17 15:10:12.800057: I tensorflow/core/common_runtime/gpu/gpu_device.cc:1746] Adding visible gpu devices: 0
2020-03-17 15:10:12.800389: I tensorflow/stream_executor/cuda/cuda_gpu_executor.cc:1006] successful NUMA node read from SysFS had negative value (-1), but there must be at least one NUMA node, so returning NUMA node zero
2020-03-17 15:10:12.800688: I tensorflow/core/common_runtime/gpu/gpu_device.cc:1618] Found device 0 with properties: 
name: GeForce RTX 2070 major: 7 minor: 5 memoryClockRate(GHz): 1.62
pciBusID: 0000:01:00.0
2020-03-17 15:10:12.800706: I tensorflow/stream_executor/platform/default/dso_loader.cc:44] Successfully opened dynamic library libcudart.so.10.0
2020-03-17 15:10:12.800718: I tensorflow/stream_executor/platform/default/dso_loader.cc:44] Successfully opened dynamic library libcublas.so.10.0
2020-03-17 15:10:12.800729: I tensorflow/stream_executor/platform/default/dso_loader.cc:44] Successfully opened dynamic library libcufft.so.10.0
2020-03-17 15:10:12.800739: I tensorflow/stream_executor/platform/default/dso_loader.cc:44] Successfully opened dynamic library libcurand.so.10.0
2020-03-17 15:10:12.800750: I tensorflow/stream_executor/platform/default/dso_loader.cc:44] Successfully opened dynamic library libcusolver.so.10.0
2020-03-17 15:10:12.800760: I tensorflow/stream_executor/platform/default/dso_loader.cc:44] Successfully opened dynamic library libcusparse.so.10.0
2020-03-17 15:10:12.800771: I tensorflow/stream_executor/platform/default/dso_loader.cc:44] Successfully opened dynamic library libcudnn.so.7
2020-03-17 15:10:12.800807: I tensorflow/stream_executor/cuda/cuda_gpu_executor.cc:1006] successful NUMA node read from SysFS had negative value (-1), but there must be at least one NUMA node, so returning NUMA node zero
2020-03-17 15:10:12.801125: I tensorflow/stream_executor/cuda/cuda_gpu_executor.cc:1006] successful NUMA node read from SysFS had negative value (-1), but there must be at least one NUMA node, so returning NUMA node zero
2020-03-17 15:10:12.801419: I tensorflow/core/common_runtime/gpu/gpu_device.cc:1746] Adding visible gpu devices: 0
2020-03-17 15:10:12.801437: I tensorflow/core/common_runtime/gpu/gpu_device.cc:1159] Device interconnect StreamExecutor with strength 1 edge matrix:
2020-03-17 15:10:12.801443: I tensorflow/core/common_runtime/gpu/gpu_device.cc:1165]      0 
2020-03-17 15:10:12.801448: I tensorflow/core/common_runtime/gpu/gpu_device.cc:1178] 0:   N 
2020-03-17 15:10:12.801505: I tensorflow/stream_executor/cuda/cuda_gpu_executor.cc:1006] successful NUMA node read from SysFS had negative value (-1), but there must be at least one NUMA node, so returning NUMA node zero
2020-03-17 15:10:12.801828: I tensorflow/stream_executor/cuda/cuda_gpu_executor.cc:1006] successful NUMA node read from SysFS had negative value (-1), but there must be at least one NUMA node, so returning NUMA node zero
2020-03-17 15:10:12.802126: I tensorflow/core/common_runtime/gpu/gpu_device.cc:1304] Created TensorFlow device (/job:localhost/replica:0/task:0/device:GPU:0 with 7481 MB memory) -> physical GPU (device: 0, name: GeForce RTX 2070, pci bus id: 0000:01:00.0, compute capability: 7.5)
2020-03-17 15:10:18.223179: I tensorflow/stream_executor/platform/default/dso_loader.cc:44] Successfully opened dynamic library libcublas.so.10.0
2020-03-17 15:10:18.389413: I tensorflow/stream_executor/platform/default/dso_loader.cc:44] Successfully opened dynamic library libcudnn.so.7
2020-03-17 15:10:20.597778: I tensorflow/stream_executor/cuda/cuda_driver.cc:830] failed to allocate 3.05G (3272317184 bytes) from device: CUDA_ERROR_OUT_OF_MEMORY: out of memory
Traceback (most recent call last):
  File "main.py", line 88, in <module>
    main(continue_train=continue_train, train_time=train_time, train_epoch=epoch)
  File "main.py", line 55, in main
    pic.save_created_pic([generator_model, embedding_model], 8, noise_dim, epoch, dataset.get_random_text, dataset.text_decoder)
  File "/home/tigerc/model/show_pic.py", line 119, in save_created_pic
    plt.imsave(self.generated_pic_path+'/{}_{}_{}_{}.png'.format(self.train_time, epoch, i, sentence[i]), y[i].numpy())
  File "/home/tigerc/anaconda3/lib/python3.7/site-packages/matplotlib/pyplot.py", line 2140, in imsave
    return matplotlib.image.imsave(fname, arr, **kwargs)
  File "/home/tigerc/anaconda3/lib/python3.7/site-packages/matplotlib/image.py", line 1498, in imsave
    _png.write_png(rgba, fname, dpi=dpi)
OSError: [Errno 36] File name too long: '/home/tigerc/temp/generated_pic/GAN-CLS-oxford-102-flowers/1_494_2_the_blossom_is_yellow_and_flat_with_yellow_close_fitting_slightly_overlapping_petals_surrounding_a_relatively_wide_base_of_yellow_stamen_but_contrast_and_structure_do_not_provide_details_for_description_of_the_other_parts_of_the_flower_____________________________.png'
